<?xml version="1.0" encoding="UTF-8"?>
<!-- Generated by org.testng.reporters.JUnitReportReporter -->
<testsuite hostname="DESKTOP-4CM2P5N" failures="0" tests="1" name="Hybrid_Apps.General_Store" time="16.410" errors="0" timestamp="2024-04-03T12:58:15 IST" skipped="0">
  <testcase classname="Hybrid_Apps.General_Store" name="price" time="16.410"/>
  <system-out/>
</testsuite> <!-- Hybrid_Apps.General_Store -->
