<?xml version="1.0" encoding="UTF-8"?>
<!-- Generated by org.testng.reporters.JUnitReportReporter -->
<testsuite hostname="DESKTOP-4CM2P5N" failures="0" tests="1" name="NativeApps.Api_Demos" time="18.222" errors="0" timestamp="2024-04-02T16:13:14 IST" skipped="0">
  <testcase classname="NativeApps.Api_Demos" name="messages" time="18.222"/>
  <system-out/>
</testsuite> <!-- NativeApps.Api_Demos -->
