<?xml version="1.0" encoding="UTF-8"?>
<!-- Generated by org.testng.reporters.JUnitReportReporter -->
<testsuite hostname="DESKTOP-4CM2P5N" failures="0" tests="1" name="WebApp.WebApp" time="95.517" errors="0" timestamp="2024-04-04T11:57:12 IST" skipped="0">
  <testcase classname="WebApp.WebApp" name="webDemo" time="95.517"/>
  <system-out/>
</testsuite> <!-- WebApp.WebApp -->
